<?xml version="1.0" encoding="UTF-8"?>
<!-- Generated by org.testng.reporters.JUnitReportReporter -->
<testsuite hostname="DESKTOP-0IJB4AM" failures="4" tests="93" name="runners.TestRunner" time="1049.756" errors="5" timestamp="2026-06-26T17:27:58 IST" skipped="0">
  <testcase classname="runners.TestRunner" name="runScenario" time="2.941"/>
  <testcase classname="runners.TestRunner" name="runScenario" time="8.041"/>
  <testcase classname="runners.TestRunner" name="runScenario" time="5.411"/>
  <testcase classname="runners.TestRunner" name="runScenario" time="2.179"/>
  <testcase classname="runners.TestRunner" name="runScenario" time="5.531"/>
  <testcase classname="runners.TestRunner" name="runScenario" time="12.884"/>
  <testcase classname="runners.TestRunner" name="runScenario" time="2.490"/>
  <testcase classname="runners.TestRunner" name="runScenario" time="51.259">
    <failure message="All product prices should contain the symbol: BHD expected [true] but found [false]" type="java.lang.AssertionError">
      <![CDATA[java.lang.AssertionError: All product prices should contain the symbol: BHD expected [true] but found [false]
at org.testng.Assert.fail(Assert.java:111)
at org.testng.Assert.failNotEquals(Assert.java:1578)
at org.testng.Assert.assertTrue(Assert.java:57)
at stepdefinitions.CountryCurrencySteps.all_prices_show_symbol(CountryCurrencySteps.java:107)
at ✽.all product prices show the "BHD" currency symbol(classpath:features/CountryCurrency.feature:26)
]]>
    </failure>
  </testcase> <!-- runScenario -->
  <testcase classname="runners.TestRunner" name="runScenario" time="12.266"/>
  <testcase classname="runners.TestRunner" name="runScenario" time="27.565">
    <error message="Expected condition failed: waiting for visibility of element located by By.xpath: (//main//*[contains(text(),&#039;₹&#039;) and not(ancestor::header)])[1] (tried for 10 second(s) with 500 milliseconds interval)
Build info: version: &#039;4.33.0&#039;, revision: &#039;2c6aaad03a&#039;
System info: os.name: &#039;Windows 10&#039;, os.arch: &#039;amd64&#039;, os.version: &#039;10.0&#039;, java.version: &#039;21.0.11&#039;
Driver info: org.openqa.selenium.chrome.ChromeDriver
Capabilities {acceptInsecureCerts: false, browserName: chrome, browserVersion: 149.0.7827.156, chrome: {chromedriverVersion: 149.0.7827.155 (07b52360cc1..., userDataDir: C:\Users\ADMINI~1\AppData\L...}, fedcm:accounts: true, goog:chromeOptions: {debuggerAddress: localhost:64791}, goog:processID: 7588, networkConnectionEnabled: false, pageLoadStrategy: normal, platformName: windows, proxy: Proxy(), se:cdp: ws://localhost:64791/devtoo..., se:cdpVersion: 149.0.7827.156, setWindowRect: true, strictFileInteractability: false, timeouts: {implicit: 0, pageLoad: 300000, script: 30000}, unhandledPromptBehavior: dismiss and notify, webauthn:extension:credBlob: true, webauthn:extension:largeBlob: true, webauthn:extension:minPinLength: true, webauthn:extension:prf: true, webauthn:virtualAuthenticators: true}
Session ID: 6dd5b2929ab0ceb22853673b222502af" type="org.openqa.selenium.TimeoutException">
      <![CDATA[org.openqa.selenium.TimeoutException: Expected condition failed: waiting for visibility of element located by By.xpath: (//main//*[contains(text(),'₹') and not(ancestor::header)])[1] (tried for 10 second(s) with 500 milliseconds interval)
Build info: version: '4.33.0', revision: '2c6aaad03a'
System info: os.name: 'Windows 10', os.arch: 'amd64', os.version: '10.0', java.version: '21.0.11'
Driver info: org.openqa.selenium.chrome.ChromeDriver
Capabilities {acceptInsecureCerts: false, browserName: chrome, browserVersion: 149.0.7827.156, chrome: {chromedriverVersion: 149.0.7827.155 (07b52360cc1..., userDataDir: C:\Users\ADMINI~1\AppData\L...}, fedcm:accounts: true, goog:chromeOptions: {debuggerAddress: localhost:64791}, goog:processID: 7588, networkConnectionEnabled: false, pageLoadStrategy: normal, platformName: windows, proxy: Proxy(), se:cdp: ws://localhost:64791/devtoo..., se:cdpVersion: 149.0.7827.156, setWindowRect: true, strictFileInteractability: false, timeouts: {implicit: 0, pageLoad: 300000, script: 30000}, unhandledPromptBehavior: dismiss and notify, webauthn:extension:credBlob: true, webauthn:extension:largeBlob: true, webauthn:extension:minPinLength: true, webauthn:extension:prf: true, webauthn:virtualAuthenticators: true}
Session ID: 6dd5b2929ab0ceb22853673b222502af
at org.openqa.selenium.support.ui.WebDriverWait.timeoutException(WebDriverWait.java:84)
at org.openqa.selenium.support.ui.FluentWait.until(FluentWait.java:228)
at utils.WaitUtils.waitForElementVisible(WaitUtils.java:23)
at utils.WaitUtils.waitForVisible(WaitUtils.java:35)
at pages.CartPage.getCartProductPrice(CartPage.java:158)
at stepdefinitions.FabricsAddToCartSteps.the_fabrics_product_price_in_cart_is_correct(FabricsAddToCartSteps.java:253)
at ✽.the fabrics product price in cart is correct(classpath:features/FabricsAddToCart.feature:50)
]]>
    </error>
  </testcase> <!-- runScenario -->
  <testcase classname="runners.TestRunner" name="runScenario" time="6.262"/>
  <testcase classname="runners.TestRunner" name="runScenario" time="1.952"/>
  <testcase classname="runners.TestRunner" name="runScenario" time="6.814"/>
  <testcase classname="runners.TestRunner" name="runScenario" time="14.491"/>
  <testcase classname="runners.TestRunner" name="runScenario" time="9.737"/>
  <testcase classname="runners.TestRunner" name="runScenario" time="34.565"/>
  <testcase classname="runners.TestRunner" name="runScenario" time="1.827"/>
  <testcase classname="runners.TestRunner" name="runScenario" time="4.711"/>
  <testcase classname="runners.TestRunner" name="runScenario" time="2.539"/>
  <testcase classname="runners.TestRunner" name="runScenario" time="10.325"/>
  <testcase classname="runners.TestRunner" name="runScenario" time="2.321"/>
  <testcase classname="runners.TestRunner" name="runScenario" time="34.674"/>
  <testcase classname="runners.TestRunner" name="runScenario" time="3.370"/>
  <testcase classname="runners.TestRunner" name="runScenario" time="3.108"/>
  <testcase classname="runners.TestRunner" name="runScenario" time="69.627">
    <error message="Expected condition failed: waiting for element to be clickable: By.cssSelector: [class*=&#039;cart-item&#039;] [class*=&#039;increment&#039;], [class*=&#039;cart-item&#039;] [class*=&#039;plus&#039;] (tried for 10 second(s) with 500 milliseconds interval)
Build info: version: &#039;4.33.0&#039;, revision: &#039;2c6aaad03a&#039;
System info: os.name: &#039;Windows 10&#039;, os.arch: &#039;amd64&#039;, os.version: &#039;10.0&#039;, java.version: &#039;21.0.11&#039;
Driver info: org.openqa.selenium.chrome.ChromeDriver
Capabilities {acceptInsecureCerts: false, browserName: chrome, browserVersion: 149.0.7827.156, chrome: {chromedriverVersion: 149.0.7827.155 (07b52360cc1..., userDataDir: C:\Users\ADMINI~1\AppData\L...}, fedcm:accounts: true, goog:chromeOptions: {debuggerAddress: localhost:64791}, goog:processID: 7588, networkConnectionEnabled: false, pageLoadStrategy: normal, platformName: windows, proxy: Proxy(), se:cdp: ws://localhost:64791/devtoo..., se:cdpVersion: 149.0.7827.156, setWindowRect: true, strictFileInteractability: false, timeouts: {implicit: 0, pageLoad: 300000, script: 30000}, unhandledPromptBehavior: dismiss and notify, webauthn:extension:credBlob: true, webauthn:extension:largeBlob: true, webauthn:extension:minPinLength: true, webauthn:extension:prf: true, webauthn:virtualAuthenticators: true}
Session ID: 6dd5b2929ab0ceb22853673b222502af" type="org.openqa.selenium.TimeoutException">
      <![CDATA[org.openqa.selenium.TimeoutException: Expected condition failed: waiting for element to be clickable: By.cssSelector: [class*='cart-item'] [class*='increment'], [class*='cart-item'] [class*='plus'] (tried for 10 second(s) with 500 milliseconds interval)
Build info: version: '4.33.0', revision: '2c6aaad03a'
System info: os.name: 'Windows 10', os.arch: 'amd64', os.version: '10.0', java.version: '21.0.11'
Driver info: org.openqa.selenium.chrome.ChromeDriver
Capabilities {acceptInsecureCerts: false, browserName: chrome, browserVersion: 149.0.7827.156, chrome: {chromedriverVersion: 149.0.7827.155 (07b52360cc1..., userDataDir: C:\Users\ADMINI~1\AppData\L...}, fedcm:accounts: true, goog:chromeOptions: {debuggerAddress: localhost:64791}, goog:processID: 7588, networkConnectionEnabled: false, pageLoadStrategy: normal, platformName: windows, proxy: Proxy(), se:cdp: ws://localhost:64791/devtoo..., se:cdpVersion: 149.0.7827.156, setWindowRect: true, strictFileInteractability: false, timeouts: {implicit: 0, pageLoad: 300000, script: 30000}, unhandledPromptBehavior: dismiss and notify, webauthn:extension:credBlob: true, webauthn:extension:largeBlob: true, webauthn:extension:minPinLength: true, webauthn:extension:prf: true, webauthn:virtualAuthenticators: true}
Session ID: 6dd5b2929ab0ceb22853673b222502af
at org.openqa.selenium.support.ui.WebDriverWait.timeoutException(WebDriverWait.java:84)
at org.openqa.selenium.support.ui.FluentWait.until(FluentWait.java:228)
at utils.WaitUtils.waitForElementClickable(WaitUtils.java:27)
at utils.WaitUtils.waitForClickable(WaitUtils.java:39)
at pages.CartPage.clickCartQtyIncrement(CartPage.java:187)
at stepdefinitions.FabricsAddToCartSteps.user_increments_the_fabrics_cart_quantity(FabricsAddToCartSteps.java:275)
at ✽.user increments the fabrics cart quantity(classpath:features/FabricsAddToCart.feature:63)
]]>
    </error>
  </testcase> <!-- runScenario -->
  <testcase classname="runners.TestRunner" name="runScenario" time="6.810"/>
  <testcase classname="runners.TestRunner" name="runScenario" time="10.060"/>
  <testcase classname="runners.TestRunner" name="runScenario" time="5.672"/>
  <testcase classname="runners.TestRunner" name="runScenario" time="10.497"/>
  <testcase classname="runners.TestRunner" name="runScenario" time="12.150"/>
  <testcase classname="runners.TestRunner" name="runScenario" time="5.405">
    <failure message="Cart badge should increment. Before: 1, After: 1 expected [true] but found [false]" type="java.lang.AssertionError">
      <![CDATA[java.lang.AssertionError: Cart badge should increment. Before: 1, After: 1 expected [true] but found [false]
at org.testng.Assert.fail(Assert.java:111)
at org.testng.Assert.failNotEquals(Assert.java:1578)
at org.testng.Assert.assertTrue(Assert.java:57)
at stepdefinitions.AddToCartSteps.cart_badge_count_increments(AddToCartSteps.java:183)
at ✽.the cart badge count increments(classpath:features/AddToCart.feature:36)
]]>
    </failure>
  </testcase> <!-- runScenario -->
  <testcase classname="runners.TestRunner" name="runScenario" time="5.905"/>
  <testcase classname="runners.TestRunner" name="runScenario" time="8.197"/>
  <testcase classname="runners.TestRunner" name="runScenario" time="6.241"/>
  <testcase classname="runners.TestRunner" name="runScenario" time="9.647"/>
  <testcase classname="runners.TestRunner" name="runScenario" time="49.830">
    <error message="Expected condition failed: waiting for element to be clickable: By.cssSelector: [class*=&#039;cart-item&#039;] [class*=&#039;decrement&#039;], [class*=&#039;cart-item&#039;] [class*=&#039;minus&#039;] (tried for 10 second(s) with 500 milliseconds interval)
Build info: version: &#039;4.33.0&#039;, revision: &#039;2c6aaad03a&#039;
System info: os.name: &#039;Windows 10&#039;, os.arch: &#039;amd64&#039;, os.version: &#039;10.0&#039;, java.version: &#039;21.0.11&#039;
Driver info: org.openqa.selenium.chrome.ChromeDriver
Capabilities {acceptInsecureCerts: false, browserName: chrome, browserVersion: 149.0.7827.156, chrome: {chromedriverVersion: 149.0.7827.155 (07b52360cc1..., userDataDir: C:\Users\ADMINI~1\AppData\L...}, fedcm:accounts: true, goog:chromeOptions: {debuggerAddress: localhost:64791}, goog:processID: 7588, networkConnectionEnabled: false, pageLoadStrategy: normal, platformName: windows, proxy: Proxy(), se:cdp: ws://localhost:64791/devtoo..., se:cdpVersion: 149.0.7827.156, setWindowRect: true, strictFileInteractability: false, timeouts: {implicit: 0, pageLoad: 300000, script: 30000}, unhandledPromptBehavior: dismiss and notify, webauthn:extension:credBlob: true, webauthn:extension:largeBlob: true, webauthn:extension:minPinLength: true, webauthn:extension:prf: true, webauthn:virtualAuthenticators: true}
Session ID: 6dd5b2929ab0ceb22853673b222502af" type="org.openqa.selenium.TimeoutException">
      <![CDATA[org.openqa.selenium.TimeoutException: Expected condition failed: waiting for element to be clickable: By.cssSelector: [class*='cart-item'] [class*='decrement'], [class*='cart-item'] [class*='minus'] (tried for 10 second(s) with 500 milliseconds interval)
Build info: version: '4.33.0', revision: '2c6aaad03a'
System info: os.name: 'Windows 10', os.arch: 'amd64', os.version: '10.0', java.version: '21.0.11'
Driver info: org.openqa.selenium.chrome.ChromeDriver
Capabilities {acceptInsecureCerts: false, browserName: chrome, browserVersion: 149.0.7827.156, chrome: {chromedriverVersion: 149.0.7827.155 (07b52360cc1..., userDataDir: C:\Users\ADMINI~1\AppData\L...}, fedcm:accounts: true, goog:chromeOptions: {debuggerAddress: localhost:64791}, goog:processID: 7588, networkConnectionEnabled: false, pageLoadStrategy: normal, platformName: windows, proxy: Proxy(), se:cdp: ws://localhost:64791/devtoo..., se:cdpVersion: 149.0.7827.156, setWindowRect: true, strictFileInteractability: false, timeouts: {implicit: 0, pageLoad: 300000, script: 30000}, unhandledPromptBehavior: dismiss and notify, webauthn:extension:credBlob: true, webauthn:extension:largeBlob: true, webauthn:extension:minPinLength: true, webauthn:extension:prf: true, webauthn:virtualAuthenticators: true}
Session ID: 6dd5b2929ab0ceb22853673b222502af
at org.openqa.selenium.support.ui.WebDriverWait.timeoutException(WebDriverWait.java:84)
at org.openqa.selenium.support.ui.FluentWait.until(FluentWait.java:228)
at utils.WaitUtils.waitForElementClickable(WaitUtils.java:27)
at utils.WaitUtils.waitForClickable(WaitUtils.java:39)
at pages.CartPage.clickCartQtyDecrement(CartPage.java:200)
at stepdefinitions.FabricsAddToCartSteps.user_decrements_the_fabrics_cart_quantity_to_minimum(FabricsAddToCartSteps.java:333)
at ✽.user decrements the fabrics cart quantity to minimum(classpath:features/FabricsAddToCart.feature:71)
]]>
    </error>
  </testcase> <!-- runScenario -->
  <testcase classname="runners.TestRunner" name="runScenario" time="9.783"/>
  <testcase classname="runners.TestRunner" name="runScenario" time="2.479"/>
  <testcase classname="runners.TestRunner" name="runScenario" time="3.099"/>
  <testcase classname="runners.TestRunner" name="runScenario" time="5.558">
    <failure message="Cart badge should increment. Before: 1, After: 1 expected [true] but found [false]" type="java.lang.AssertionError">
      <![CDATA[java.lang.AssertionError: Cart badge should increment. Before: 1, After: 1 expected [true] but found [false]
at org.testng.Assert.fail(Assert.java:111)
at org.testng.Assert.failNotEquals(Assert.java:1578)
at org.testng.Assert.assertTrue(Assert.java:57)
at stepdefinitions.FabricsAddToCartSteps.the_fabrics_cart_badge_count_increments(FabricsAddToCartSteps.java:186)
at ✽.the fabrics cart badge count increments(classpath:features/FabricsAddToCart.feature:33)
]]>
    </failure>
  </testcase> <!-- runScenario -->
  <testcase classname="runners.TestRunner" name="runScenario" time="6.183"/>
  <testcase classname="runners.TestRunner" name="runScenario" time="4.025"/>
  <testcase classname="runners.TestRunner" name="runScenario" time="9.504"/>
  <testcase classname="runners.TestRunner" name="runScenario" time="17.292"/>
  <testcase classname="runners.TestRunner" name="runScenario" time="2.463"/>
  <testcase classname="runners.TestRunner" name="runScenario" time="4.868"/>
  <testcase classname="runners.TestRunner" name="runScenario" time="7.557"/>
  <testcase classname="runners.TestRunner" name="runScenario" time="20.507"/>
  <testcase classname="runners.TestRunner" name="runScenario" time="69.617">
    <error message="Expected condition failed: waiting for element to be clickable: By.cssSelector: [class*=&#039;cart-item&#039;] [class*=&#039;increment&#039;], [class*=&#039;cart-item&#039;] [class*=&#039;plus&#039;] (tried for 10 second(s) with 500 milliseconds interval)
Build info: version: &#039;4.33.0&#039;, revision: &#039;2c6aaad03a&#039;
System info: os.name: &#039;Windows 10&#039;, os.arch: &#039;amd64&#039;, os.version: &#039;10.0&#039;, java.version: &#039;21.0.11&#039;
Driver info: org.openqa.selenium.chrome.ChromeDriver
Capabilities {acceptInsecureCerts: false, browserName: chrome, browserVersion: 149.0.7827.156, chrome: {chromedriverVersion: 149.0.7827.155 (07b52360cc1..., userDataDir: C:\Users\ADMINI~1\AppData\L...}, fedcm:accounts: true, goog:chromeOptions: {debuggerAddress: localhost:64791}, goog:processID: 7588, networkConnectionEnabled: false, pageLoadStrategy: normal, platformName: windows, proxy: Proxy(), se:cdp: ws://localhost:64791/devtoo..., se:cdpVersion: 149.0.7827.156, setWindowRect: true, strictFileInteractability: false, timeouts: {implicit: 0, pageLoad: 300000, script: 30000}, unhandledPromptBehavior: dismiss and notify, webauthn:extension:credBlob: true, webauthn:extension:largeBlob: true, webauthn:extension:minPinLength: true, webauthn:extension:prf: true, webauthn:virtualAuthenticators: true}
Session ID: 6dd5b2929ab0ceb22853673b222502af" type="org.openqa.selenium.TimeoutException">
      <![CDATA[org.openqa.selenium.TimeoutException: Expected condition failed: waiting for element to be clickable: By.cssSelector: [class*='cart-item'] [class*='increment'], [class*='cart-item'] [class*='plus'] (tried for 10 second(s) with 500 milliseconds interval)
Build info: version: '4.33.0', revision: '2c6aaad03a'
System info: os.name: 'Windows 10', os.arch: 'amd64', os.version: '10.0', java.version: '21.0.11'
Driver info: org.openqa.selenium.chrome.ChromeDriver
Capabilities {acceptInsecureCerts: false, browserName: chrome, browserVersion: 149.0.7827.156, chrome: {chromedriverVersion: 149.0.7827.155 (07b52360cc1..., userDataDir: C:\Users\ADMINI~1\AppData\L...}, fedcm:accounts: true, goog:chromeOptions: {debuggerAddress: localhost:64791}, goog:processID: 7588, networkConnectionEnabled: false, pageLoadStrategy: normal, platformName: windows, proxy: Proxy(), se:cdp: ws://localhost:64791/devtoo..., se:cdpVersion: 149.0.7827.156, setWindowRect: true, strictFileInteractability: false, timeouts: {implicit: 0, pageLoad: 300000, script: 30000}, unhandledPromptBehavior: dismiss and notify, webauthn:extension:credBlob: true, webauthn:extension:largeBlob: true, webauthn:extension:minPinLength: true, webauthn:extension:prf: true, webauthn:virtualAuthenticators: true}
Session ID: 6dd5b2929ab0ceb22853673b222502af
at org.openqa.selenium.support.ui.WebDriverWait.timeoutException(WebDriverWait.java:84)
at org.openqa.selenium.support.ui.FluentWait.until(FluentWait.java:228)
at utils.WaitUtils.waitForElementClickable(WaitUtils.java:27)
at utils.WaitUtils.waitForClickable(WaitUtils.java:39)
at pages.CartPage.clickCartQtyIncrement(CartPage.java:187)
at stepdefinitions.FabricsAddToCartSteps.user_increments_the_fabrics_cart_quantity(FabricsAddToCartSteps.java:275)
at ✽.user increments the fabrics cart quantity(classpath:features/FabricsAddToCart.feature:57)
]]>
    </error>
  </testcase> <!-- runScenario -->
  <testcase classname="runners.TestRunner" name="runScenario" time="4.798"/>
  <testcase classname="runners.TestRunner" name="runScenario" time="4.998"/>
  <testcase classname="runners.TestRunner" name="runScenario" time="2.962"/>
  <testcase classname="runners.TestRunner" name="runScenario" time="5.678"/>
  <testcase classname="runners.TestRunner" name="runScenario" time="4.454"/>
  <testcase classname="runners.TestRunner" name="runScenario" time="5.869"/>
  <testcase classname="runners.TestRunner" name="runScenario" time="5.446"/>
  <testcase classname="runners.TestRunner" name="runScenario" time="9.476"/>
  <testcase classname="runners.TestRunner" name="runScenario" time="9.614"/>
  <testcase classname="runners.TestRunner" name="runScenario" time="4.246"/>
  <testcase classname="runners.TestRunner" name="runScenario" time="6.255"/>
  <testcase classname="runners.TestRunner" name="runScenario" time="7.847"/>
  <testcase classname="runners.TestRunner" name="runScenario" time="6.608"/>
  <testcase classname="runners.TestRunner" name="runScenario" time="17.567"/>
  <testcase classname="runners.TestRunner" name="runScenario" time="2.774"/>
  <testcase classname="runners.TestRunner" name="runScenario" time="11.790"/>
  <testcase classname="runners.TestRunner" name="runScenario" time="14.407"/>
  <testcase classname="runners.TestRunner" name="runScenario" time="5.075"/>
  <testcase classname="runners.TestRunner" name="runScenario" time="5.667"/>
  <testcase classname="runners.TestRunner" name="runScenario" time="3.706"/>
  <testcase classname="runners.TestRunner" name="runScenario" time="9.594"/>
  <testcase classname="runners.TestRunner" name="runScenario" time="5.881"/>
  <testcase classname="runners.TestRunner" name="runScenario" time="4.345"/>
  <testcase classname="runners.TestRunner" name="runScenario" time="3.500"/>
  <testcase classname="runners.TestRunner" name="runScenario" time="4.131"/>
  <testcase classname="runners.TestRunner" name="runScenario" time="6.026"/>
  <testcase classname="runners.TestRunner" name="runScenario" time="2.509"/>
  <testcase classname="runners.TestRunner" name="runScenario" time="1.788"/>
  <testcase classname="runners.TestRunner" name="runScenario" time="5.899"/>
  <testcase classname="runners.TestRunner" name="runScenario" time="53.685">
    <failure message="All visible product prices should contain: BHD expected [true] but found [false]" type="java.lang.AssertionError">
      <![CDATA[java.lang.AssertionError: All visible product prices should contain: BHD expected [true] but found [false]
at org.testng.Assert.fail(Assert.java:111)
at org.testng.Assert.failNotEquals(Assert.java:1578)
at org.testng.Assert.assertTrue(Assert.java:57)
at stepdefinitions.CountryCurrencySteps.all_visible_prices_contain_symbol(CountryCurrencySteps.java:126)
at ✽.all visible product prices contain the "BHD" currency symbol(classpath:features/CountryCurrency.feature:38)
]]>
    </failure>
  </testcase> <!-- runScenario -->
  <testcase classname="runners.TestRunner" name="runScenario" time="41.644"/>
  <testcase classname="runners.TestRunner" name="runScenario" time="5.449"/>
  <testcase classname="runners.TestRunner" name="runScenario" time="4.423"/>
  <testcase classname="runners.TestRunner" name="runScenario" time="9.347"/>
  <testcase classname="runners.TestRunner" name="runScenario" time="6.720"/>
  <testcase classname="runners.TestRunner" name="runScenario" time="9.810"/>
  <testcase classname="runners.TestRunner" name="runScenario" time="5.992"/>
  <testcase classname="runners.TestRunner" name="runScenario" time="9.780"/>
  <testcase classname="runners.TestRunner" name="runScenario" time="45.133"/>
  <testcase classname="runners.TestRunner" name="runScenario" time="5.623"/>
  <testcase classname="runners.TestRunner" name="runScenario" time="23.687">
    <error message="Expected condition failed: waiting for element to be clickable: By.cssSelector: button[class*=&#039;otp&#039;], button[id*=&#039;otp&#039;], button[id*=&#039;sendOtp&#039;] (tried for 10 second(s) with 500 milliseconds interval)
Build info: version: &#039;4.33.0&#039;, revision: &#039;2c6aaad03a&#039;
System info: os.name: &#039;Windows 10&#039;, os.arch: &#039;amd64&#039;, os.version: &#039;10.0&#039;, java.version: &#039;21.0.11&#039;
Driver info: org.openqa.selenium.chrome.ChromeDriver
Capabilities {acceptInsecureCerts: false, browserName: chrome, browserVersion: 149.0.7827.156, chrome: {chromedriverVersion: 149.0.7827.155 (07b52360cc1..., userDataDir: C:\Users\ADMINI~1\AppData\L...}, fedcm:accounts: true, goog:chromeOptions: {debuggerAddress: localhost:64791}, goog:processID: 7588, networkConnectionEnabled: false, pageLoadStrategy: normal, platformName: windows, proxy: Proxy(), se:cdp: ws://localhost:64791/devtoo..., se:cdpVersion: 149.0.7827.156, setWindowRect: true, strictFileInteractability: false, timeouts: {implicit: 0, pageLoad: 300000, script: 30000}, unhandledPromptBehavior: dismiss and notify, webauthn:extension:credBlob: true, webauthn:extension:largeBlob: true, webauthn:extension:minPinLength: true, webauthn:extension:prf: true, webauthn:virtualAuthenticators: true}
Session ID: 6dd5b2929ab0ceb22853673b222502af" type="org.openqa.selenium.TimeoutException">
      <![CDATA[org.openqa.selenium.TimeoutException: Expected condition failed: waiting for element to be clickable: By.cssSelector: button[class*='otp'], button[id*='otp'], button[id*='sendOtp'] (tried for 10 second(s) with 500 milliseconds interval)
Build info: version: '4.33.0', revision: '2c6aaad03a'
System info: os.name: 'Windows 10', os.arch: 'amd64', os.version: '10.0', java.version: '21.0.11'
Driver info: org.openqa.selenium.chrome.ChromeDriver
Capabilities {acceptInsecureCerts: false, browserName: chrome, browserVersion: 149.0.7827.156, chrome: {chromedriverVersion: 149.0.7827.155 (07b52360cc1..., userDataDir: C:\Users\ADMINI~1\AppData\L...}, fedcm:accounts: true, goog:chromeOptions: {debuggerAddress: localhost:64791}, goog:processID: 7588, networkConnectionEnabled: false, pageLoadStrategy: normal, platformName: windows, proxy: Proxy(), se:cdp: ws://localhost:64791/devtoo..., se:cdpVersion: 149.0.7827.156, setWindowRect: true, strictFileInteractability: false, timeouts: {implicit: 0, pageLoad: 300000, script: 30000}, unhandledPromptBehavior: dismiss and notify, webauthn:extension:credBlob: true, webauthn:extension:largeBlob: true, webauthn:extension:minPinLength: true, webauthn:extension:prf: true, webauthn:virtualAuthenticators: true}
Session ID: 6dd5b2929ab0ceb22853673b222502af
at org.openqa.selenium.support.ui.WebDriverWait.timeoutException(WebDriverWait.java:84)
at org.openqa.selenium.support.ui.FluentWait.until(FluentWait.java:228)
at utils.WaitUtils.waitForElementClickable(WaitUtils.java:27)
at utils.WaitUtils.waitForClickable(WaitUtils.java:39)
at pages.SignInPage.clickSendOtp(SignInPage.java:175)
at stepdefinitions.SignInSteps.user_enters_valid_email_and_clicks_send_otp(SignInSteps.java:92)
at ✽.user enters valid email and clicks Send OTP(classpath:features/SignIn.feature:45)
]]>
    </error>
  </testcase> <!-- runScenario -->
  <testcase classname="runners.TestRunner" name="runScenario" time="6.786"/>
  <testcase classname="runners.TestRunner" name="runScenario" time="6.084"/>
  <testcase classname="runners.TestRunner" name="runScenario" time="2.444"/>
</testsuite> <!-- runners.TestRunner -->
